app/build/outputs/mapping/release/seeds.txt
com.speedwall.overlay.state.AppState
com.speedwall.overlay.MainActivity
com.speedwall.overlay.state.AppState: AppState()
com.speedwall.overlay.state.DistanceUnit: com.speedwall.overlay.state.DistanceUnit valueOf(java.lang.String)
com.speedwall.overlay.state.DistanceUnit: com.speedwall.overlay.state.DistanceUnit[] values()
com.speedwall.overlay.MainActivity: MainActivity()
...
androidx.appcompat.widget.LinearLayoutCompat: void setHorizontalGravity(int)
androidx.compose.ui.platform.AndroidComposeView: void setDensity(androidx.compose.ui.unit.Density)
androidx.camera.view.PreviewView: void setScaleType(androidx.camera.view.PreviewView$ScaleType)
androidx.appcompat.widget.SearchView: int getInputType()
androidx.camera.view.PreviewView: androidx.camera.view.PreviewView$ScaleType getScaleType()
androidx.appcompat.widget.AppCompatAutoCompleteTextView: void setBackgroundResource(int)
androidx.activity.Api34Impl: int swipeEdge(android.window.BackEvent)
androidx.core.view.ViewCompat$Api21Impl: void stopNestedScroll(android.view.View)
androidx.appcompat.widget.SearchView: void setOnQueryTextListener(androidx.appcompat.widget.SearchView$OnQueryTextListener)
androidx.compose.ui.text.android.CanvasCompatO: boolean clipOutRect(android.graphics.Canvas,float,float,float,float)
androidx.compose.ui.window.Api33Impl: void maybeRegisterBackCallback(android.view.View,java.lang.Object)
androidx.compose.ui.platform.AbstractComposeView: void setTransitionGroup(boolean)
androidx.camera.core.impl.utils.ExifData$WhiteBalanceMode: androidx.camera.core.impl.utils.ExifData$WhiteBalanceMode[] values()
androidx.compose.ui.platform.coreshims.ViewCompatShims$Api26Impl: android.view.autofill.AutofillId getAutofillId(android.view.View)
kotlinx.coroutines.selects.TrySelectDetailedResult: kotlinx.coroutines.selects.TrySelectDetailedResult[] values()
androidx.appcompat.widget.SearchView: int getPreferredHeight()
androidx.appcompat.view.menu.ActionMenuItemView: void setPopupCallback(androidx.appcompat.view.menu.ActionMenuItemView$PopupCallback)
androidx.appcompat.widget.ActionBarContainer: void setTransitioning(boolean)
androidx.appcompat.widget.SearchView: void setSearchableInfo(android.app.SearchableInfo)
androidx.appcompat.widget.AppCompatTextView: void setBackgroundResource(int)
androidx.camera.core.internal.utils.ImageUtil$CodecFailedException$FailureType: androidx.camera.core.internal.utils.ImageUtil$CodecFailedException$FailureType[] values()
androidx.compose.ui.focus.FocusStateImpl: androidx.compose.ui.focus.FocusStateImpl[] values()
androidx.camera.camera2.internal.compat.quirk.CaptureSessionOnClosedNotCalledQuirk: CaptureSessionOnClosedNotCalledQuirk()
androidx.appcompat.widget.AppCompatImageButton: void setSupportBackgroundTintList(android.content.res.ColorStateList)
androidx.appcompat.widget.ActionBarOverlayLayout: void setActionBarHideOffset(int)
androidx.appcompat.widget.AlertDialogLayout: AlertDialogLayout(android.content.Context,android.util.AttributeSet)
androidx.appcompat.widget.AppCompatImageButton: void setBackgroundDrawable(android.graphics.drawable.Drawable)
androidx.camera.core.impl.CameraCaptureMetaData$AwbState: androidx.camera.core.impl.CameraCaptureMetaData$AwbState valueOf(java.lang.String)
androidx.appcompat.view.menu.ListMenuItemView: void setChecked(boolean)
androidx.lifecycle.EmptyActivityLifecycleCallbacks: void onActivityPaused(android.app.Activity)
androidx.camera.core.impl.utils.ExifData$WhiteBalanceMode: androidx.camera.core.impl.utils.ExifData$WhiteBalanceMode valueOf(java.lang.String)
androidx.appcompat.widget.SearchView: int getMaxWidth()
androidx.compose.ui.node.NodeMeasuringIntrinsics$IntrinsicMinMax: androidx.compose.ui.node.NodeMeasuringIntrinsics$IntrinsicMinMax[] values()
android.support.v4.app.RemoteActionCompatParcelizer: androidx.core.app.RemoteActionCompat read(androidx.versionedparcelable.VersionedParcel)
androidx.camera.core.impl.CameraCaptureMetaData$FlashState: androidx.camera.core.impl.CameraCaptureMetaData$FlashState[] values()
androidx.core.view.ViewCompat$Api28Impl: boolean isScreenReaderFocusable(android.view.View)
androidx.compose.ui.viewinterop.AndroidViewHolder: void setUpdate(kotlin.jvm.functions.Function0)
androidx.appcompat.widget.AppCompatTextView: void setSupportCompoundDrawablesTintMode(android.graphics.PorterDuff$Mode)