app/build/outputs/mapping/release/usage.txt
com.speedwall.overlay.MainActivity:
    public static final int $stable
com.speedwall.overlay.R$color
com.speedwall.overlay.R$drawable:
    public static int ic_launcher_background
    private void <init>()
com.speedwall.overlay.R$mipmap
com.speedwall.overlay.R$string
com.speedwall.overlay.R$style
com.speedwall.overlay.R
com.speedwall.overlay.camera.CameraManager:
    private static final java.lang.String TAG
    public final kotlinx.coroutines.flow.StateFlow getError()
    public final android.graphics.Bitmap getLatestFrame()
    public final kotlinx.coroutines.flow.StateFlow isSessionRunning()
com.speedwall.overlay.camera.CameraManagerKt$CameraPreviewView$lambda$4$lambda$3$$inlined$onDispose$1
com.speedwall.overlay.camera.CameraManagerKt
com.speedwall.overlay.state.AppMode$Calibration:
    public static final int $stable
com.speedwall.overlay.state.AppMode$Overlay:
    public static final int $stable
com.speedwall.overlay.state.AppState:
    public final kotlinx.coroutines.flow.StateFlow getKnownDistanceMeters()
    public final kotlinx.coroutines.flow.StateFlow getScreenHeight()
    public final kotlinx.coroutines.flow.StateFlow getScreenWidth()
com.speedwall.overlay.state.CalibrationPoint:
    public final long component1-F1C5BW0()
    public final long component2()
    public final long getTimestamp()
    public final void setScreenPosition-k-4lQ0M(long)
com.speedwall.overlay.state.CalibrationState$Complete:
    public static final int $stable
com.speedwall.overlay.state.CalibrationState$WaitingForDistance:
    public final com.speedwall.overlay.state.CalibrationPoint component1()
    public final com.speedwall.overlay.state.CalibrationPoint component2()
    public final com.speedwall.overlay.state.CalibrationState$WaitingForDistance copy(com.speedwall.overlay.state.CalibrationPoint,com.speedwall.overlay.state.CalibrationPoint)
    public static synthetic com.speedwall.overlay.state.CalibrationState$WaitingForDistance copy$default(com.speedwall.overlay.state.CalibrationState$WaitingForDistance,com.speedwall.overlay.state.CalibrationPoint,com.speedwall.overlay.state.CalibrationPoint,int,java.lang.Object)
    public final com.speedwall.overlay.state.CalibrationPoint getFirstPoint()
    public final com.speedwall.overlay.state.CalibrationPoint getSecondPoint()
com.speedwall.overlay.state.CalibrationState$WaitingForFirstPoint:
    public static final int $stable
com.speedwall.overlay.state.CalibrationState$WaitingForSecondPoint:
    public final com.speedwall.overlay.state.CalibrationPoint component1()
    public final com.speedwall.overlay.state.CalibrationState$WaitingForSecondPoint copy(com.speedwall.overlay.state.CalibrationPoint)
    public static synthetic com.speedwall.overlay.state.CalibrationState$WaitingForSecondPoint copy$default(com.speedwall.overlay.state.CalibrationState$WaitingForSecondPoint,com.speedwall.overlay.state.CalibrationPoint,int,java.lang.Object)
    public final com.speedwall.overlay.state.CalibrationPoint getFirstPoint()
com.speedwall.overlay.ComposableSingletons$MainActivityKt$lambda-1$1:
    public final void invoke$3()
com.speedwall.overlay.ComposableSingletons$MainActivityKt$lambda-2$1:
    public final void invoke$3()
com.speedwall.overlay.ComposableSingletons$MainActivityKt$lambda-3$1:
    public final void invoke$3()
com.speedwall.overlay.ComposableSingletons$MainActivityKt:
    public static final com.speedwall.overlay.ComposableSingletons$MainActivityKt INSTANCE
    public static kotlin.jvm.functions.Function2 getLambda-1$app_release()
    public static kotlin.jvm.functions.Function2 getLambda-2$app_release()
    public static kotlin.jvm.functions.Function2 getLambda-3$app_release()
com.speedwall.overlay.MainActivity:
    static void <clinit>()
com.speedwall.overlay.MainActivityKt$$InternalSyntheticLambda$1$366131ea55a0e647f7c8163ce307bba2afe68b58626148f7841ea7f124de8f36$1:
    public final synthetic int f$0
com.speedwall.overlay.R$drawable
...
kotlin.comparisons.ComparisonsKt__ComparisonsKt$compareBy$2
kotlin.comparisons.ComparisonsKt__ComparisonsKt$compareBy$3
kotlin.comparisons.ComparisonsKt__ComparisonsKt$compareByDescending$1
kotlin.comparisons.ComparisonsKt__ComparisonsKt$compareByDescending$2
kotlin.comparisons.ComparisonsKt__ComparisonsKt$thenBy$1
kotlin.comparisons.ComparisonsKt__ComparisonsKt$thenBy$2
kotlin.comparisons.ComparisonsKt__ComparisonsKt$thenByDescending$1
kotlin.comparisons.ComparisonsKt__ComparisonsKt$thenByDescending$2
kotlin.comparisons.ComparisonsKt__ComparisonsKt$thenComparator$1
kotlin.comparisons.ComparisonsKt__ComparisonsKt:
    public void <init>()
    private static final java.util.Comparator compareBy(java.util.Comparator,kotlin.jvm.functions.Function1)
    private static final java.util.Comparator compareBy(kotlin.jvm.functions.Function1)
    private static final java.util.Comparator compareByDescending(java.util.Comparator,kotlin.jvm.functions.Function1)
    private static final java.util.Comparator compareByDescending(kotlin.jvm.functions.Function1)
    private static final int compareValuesBy(java.lang.Object,java.lang.Object,java.util.Comparator,kotlin.jvm.functions.Function1)
    private static final int compareValuesBy(java.lang.Object,java.lang.Object,kotlin.jvm.functions.Function1)
    public static final varargs int compareValuesBy(java.lang.Object,java.lang.Object,kotlin.jvm.functions.Function1[])
    public static final java.util.Comparator naturalOrder()
    private static final java.util.Comparator nullsFirst()
    public static final java.util.Comparator nullsFirst(java.util.Comparator)
    private static final int nullsFirst$lambda$3$ComparisonsKt__ComparisonsKt(java.util.Comparator,java.lang.Object,java.lang.Object)
    private static final java.util.Comparator nullsLast()
    public static final java.util.Comparator nullsLast(java.util.Comparator)
    private static final int nullsLast$lambda$4$ComparisonsKt__ComparisonsKt(java.util.Comparator,java.lang.Object,java.lang.Object)
kotlin.comparisons.ComparisonsKt___ComparisonsJvmKt:
    public void <init>()
    private static final byte maxOf(byte,byte)
    private static final byte maxOf(byte,byte,byte)
    public static final varargs byte maxOf(byte,byte[])
    private static final double maxOf(double,double)
    private static final double maxOf(double,double,double)
    public static final varargs double maxOf(double,double[])
    private static final float maxOf(float,float)
    private static final float maxOf(float,float,float)
    public static final varargs float maxOf(float,float[])
    private static final int maxOf(int,int)
    private static final int maxOf(int,int,int)
    private static final long maxOf(long,long)
    private static final long maxOf(long,long,long)
    public static final varargs long maxOf(long,long[])
    public static final java.lang.Comparable maxOf(java.lang.Comparable,java.lang.Comparable)
    public static final java.lang.Comparable maxOf(java.lang.Comparable,java.lang.Comparable,java.lang.Comparable)
    public static final varargs java.lang.Comparable maxOf(java.lang.Comparable,java.lang.Comparable[])
    private static final short maxOf(short,short)
    private static final short maxOf(short,short,short)
    public static final varargs short maxOf(short,short[])
    private static final byte minOf(byte,byte)
    private static final byte minOf(byte,byte,byte)
    public static final varargs byte minOf(byte,byte[])